
> @gala-chain/dex@1.0.0 start
> node lib/src/cli.js start --peer.address 127.0.0.1:8561 --chaincode-id-name basic-product:0.0.1 --tls.enabled false

2025-05-29T16:08:45.307Z [32minfo[39m [c-api:./lib/annotations/object.js]                 @Object args: Target -> %s "Function" 
2025-05-29T16:08:45.307Z [32minfo[39m [c-api:./lib/annotations/object.js]                 @Object args: Target -> %s "Function" 
2025-05-29T16:08:45.309Z [32minfo[39m [c-api:./lib/annotations/transaction.js]            @Transaction args: "Property Key -> GetContractVersion, Commit -> false,","Target ->","GalaContract" 
2025-05-29T16:08:45.314Z [32minfo[39m [c-api:./lib/annotations/transaction.js]            @Transaction args: "Property Key -> GetChaincodeVersion, Commit -> false,","Target ->","GalaContract" 
2025-05-29T16:08:45.315Z [32minfo[39m [c-api:./lib/annotations/transaction.js]            @Transaction args: "Property Key -> GetContractAPI, Commit -> false,","Target ->","GalaContract" 
2025-05-29T16:08:45.315Z [32minfo[39m [c-api:./lib/annotations/object.js]                 @Object args: Target -> %s "Function" 
2025-05-29T16:08:45.319Z [32minfo[39m [c-api:./lib/annotations/transaction.js]            @Transaction args: "Property Key -> GetObjectByKey, Commit -> false,","Target ->","GalaContract" 
2025-05-29T16:08:45.320Z [32minfo[39m [c-api:./lib/annotations/object.js]                 @Object args: Target -> %s "Function" 
2025-05-29T16:08:45.320Z [32minfo[39m [c-api:./lib/annotations/transaction.js]            @Transaction args: "Property Key -> GetObjectHistory, Commit -> false,","Target ->","GalaContract" 
2025-05-29T16:08:45.321Z [32minfo[39m [c-api:./lib/annotations/object.js]                 @Object args: Target -> %s "Function" 
2025-05-29T16:08:45.322Z [32minfo[39m [c-api:./lib/annotations/transaction.js]            @Transaction args: "Property Key -> DryRun, Commit -> false,","Target ->","GalaContract" 
2025-05-29T16:08:45.322Z [32minfo[39m [c-api:./lib/annotations/object.js]                 @Object args: Target -> %s "Function" 
2025-05-29T16:08:45.323Z [32minfo[39m [c-api:./lib/annotations/transaction.js]            @Transaction args: "Property Key -> BatchSubmit, Commit -> true,","Target ->","GalaContract" 
2025-05-29T16:08:45.324Z [32minfo[39m [c-api:./lib/annotations/object.js]                 @Object args: Target -> %s "Function" 
2025-05-29T16:08:45.324Z [32minfo[39m [c-api:./lib/annotations/transaction.js]            @Transaction args: "Property Key -> BatchEvaluate, Commit -> false,","Target ->","GalaContract" 
2025-05-29T16:08:45.325Z [32minfo[39m [c-api:./lib/annotations/object.js]                 @Object args: Target -> %s "Function" 
2025-05-29T16:08:45.326Z [32minfo[39m [c-api:./lib/annotations/transaction.js]            @Transaction args: "Property Key -> GetMyProfile, Commit -> false,","Target ->","PublicKeyContract" 
2025-05-29T16:08:45.326Z [32minfo[39m [c-api:./lib/annotations/object.js]                 @Object args: Target -> %s "Function" 
2025-05-29T16:08:45.327Z [32minfo[39m [c-api:./lib/annotations/transaction.js]            @Transaction args: "Property Key -> RegisterUser, Commit -> true,","Target ->","PublicKeyContract" 
2025-05-29T16:08:45.328Z [32minfo[39m [c-api:./lib/annotations/object.js]                 @Object args: Target -> %s "Function" 
2025-05-29T16:08:45.328Z [32minfo[39m [c-api:./lib/annotations/transaction.js]            @Transaction args: "Property Key -> RegisterEthUser, Commit -> true,","Target ->","PublicKeyContract" 
2025-05-29T16:08:45.329Z [32minfo[39m [c-api:./lib/annotations/object.js]                 @Object args: Target -> %s "Function" 
2025-05-29T16:08:45.329Z [32minfo[39m [c-api:./lib/annotations/transaction.js]            @Transaction args: "Property Key -> RegisterTonUser, Commit -> true,","Target ->","PublicKeyContract" 
2025-05-29T16:08:45.330Z [32minfo[39m [c-api:./lib/annotations/object.js]                 @Object args: Target -> %s "Function" 
2025-05-29T16:08:45.338Z [32minfo[39m [c-api:./lib/annotations/transaction.js]            @Transaction args: "Property Key -> UpdateUserRoles, Commit -> true,","Target ->","PublicKeyContract" 
2025-05-29T16:08:45.339Z [32minfo[39m [c-api:./lib/annotations/object.js]                 @Object args: Target -> %s "Function" 
2025-05-29T16:08:45.339Z [32minfo[39m [c-api:./lib/annotations/transaction.js]            @Transaction args: "Property Key -> UpdatePublicKey, Commit -> true,","Target ->","PublicKeyContract" 
2025-05-29T16:08:45.339Z [32minfo[39m [c-api:./lib/annotations/object.js]                 @Object args: Target -> %s "Function" 
2025-05-29T16:08:45.340Z [32minfo[39m [c-api:./lib/annotations/transaction.js]            @Transaction args: "Property Key -> GetPublicKey, Commit -> false,","Target ->","PublicKeyContract" 
2025-05-29T16:08:45.340Z [32minfo[39m [c-api:./lib/annotations/object.js]                 @Object args: Target -> %s "Function" 
2025-05-29T16:08:45.341Z [32minfo[39m [c-api:./lib/annotations/transaction.js]            @Transaction args: "Property Key -> VerifySignature, Commit -> false,","Target ->","PublicKeyContract" 
2025-05-29T16:08:45.341Z [32minfo[39m [c-api:./lib/annotations/info.js]                   @Info args: "Info -> [object Object],","Target ->","PublicKeyContract" 
Verifying package consistency...
No conflicting versions of @grpc/grpc-js detected.
2025-05-29T16:08:45.408Z [32minfo[39m [c-api:./lib/annotations/object.js]                 @Object args: Target -> %s "Function" 
2025-05-29T16:08:45.444Z [32minfo[39m [c-api:./lib/annotations/transaction.js]            @Transaction args: "Property Key -> CreateTokenClass, Commit -> true,","Target ->","GalaChainTokenContract" 
2025-05-29T16:08:45.445Z [32minfo[39m [c-api:./lib/annotations/object.js]                 @Object args: Target -> %s "Function" 
2025-05-29T16:08:45.457Z [32minfo[39m [c-api:./lib/annotations/transaction.js]            @Transaction args: "Property Key -> UpdateTokenClass, Commit -> true,","Target ->","GalaChainTokenContract" 
2025-05-29T16:08:45.457Z [32minfo[39m [c-api:./lib/annotations/object.js]                 @Object args: Target -> %s "Function" 
2025-05-29T16:08:45.468Z [32minfo[39m [c-api:./lib/annotations/transaction.js]            @Transaction args: "Property Key -> FetchTokenClasses, Commit -> false,","Target ->","GalaChainTokenContract" 
2025-05-29T16:08:45.468Z [32minfo[39m [c-api:./lib/annotations/object.js]                 @Object args: Target -> %s "Function" 
2025-05-29T16:08:45.484Z [32minfo[39m [c-api:./lib/annotations/transaction.js]            @Transaction args: "Property Key -> FetchTokenClassesWithPagination, Commit -> false,","Target ->","GalaChainTokenContract" 
2025-05-29T16:08:45.484Z [32minfo[39m [c-api:./lib/annotations/object.js]                 @Object args: Target -> %s "Function" 
2025-05-29T16:08:45.497Z [32minfo[39m [c-api:./lib/annotations/transaction.js]            @Transaction args: "Property Key -> GrantAllowance, Commit -> true,","Target ->","GalaChainTokenContract" 
2025-05-29T16:08:45.498Z [32minfo[39m [c-api:./lib/annotations/object.js]                 @Object args: Target -> %s "Function" 
2025-05-29T16:08:45.500Z [32minfo[39m [c-api:./lib/annotations/transaction.js]            @Transaction args: "Property Key -> RefreshAllowances, Commit -> true,","Target ->","GalaChainTokenContract" 
2025-05-29T16:08:45.500Z [32minfo[39m [c-api:./lib/annotations/object.js]                 @Object args: Target -> %s "Function" 
2025-05-29T16:08:45.503Z [32minfo[39m [c-api:./lib/annotations/transaction.js]            @Transaction args: "Property Key -> FullAllowanceCheck, Commit -> false,","Target ->","GalaChainTokenContract" 
2025-05-29T16:08:45.503Z [32minfo[39m [c-api:./lib/annotations/object.js]                 @Object args: Target -> %s "Function" 
2025-05-29T16:08:45.505Z [32minfo[39m [c-api:./lib/annotations/transaction.js]            @Transaction args: "Property Key -> FetchAllowances, Commit -> false,","Target ->","GalaChainTokenContract" 
2025-05-29T16:08:45.505Z [32minfo[39m [c-api:./lib/annotations/object.js]                 @Object args: Target -> %s "Function" 
2025-05-29T16:08:45.506Z [32minfo[39m [c-api:./lib/annotations/transaction.js]            @Transaction args: "Property Key -> DeleteAllowances, Commit -> true,","Target ->","GalaChainTokenContract" 
2025-05-29T16:08:45.506Z [32minfo[39m [c-api:./lib/annotations/object.js]                 @Object args: Target -> %s "Function" 
2025-05-29T16:08:45.507Z [32minfo[39m [c-api:./lib/annotations/transaction.js]            @Transaction args: "Property Key -> FetchBalances, Commit -> false,","Target ->","GalaChainTokenContract" 
2025-05-29T16:08:45.508Z [32minfo[39m [c-api:./lib/annotations/object.js]                 @Object args: Target -> %s "Function" 
2025-05-29T16:08:45.512Z [32minfo[39m [c-api:./lib/annotations/transaction.js]            @Transaction args: "Property Key -> FetchBalancesWithTokenMetadata, Commit -> false,","Target ->","GalaChainTokenContract" 
2025-05-29T16:08:45.516Z [32minfo[39m [c-api:./lib/annotations/object.js]                 @Object args: Target -> %s "Function" 
2025-05-29T16:08:45.520Z [32minfo[39m [c-api:./lib/annotations/transaction.js]            @Transaction args: "Property Key -> RequestMint, Commit -> true,","Target ->","GalaChainTokenContract" 
2025-05-29T16:08:45.520Z [32minfo[39m [c-api:./lib/annotations/object.js]                 @Object args: Target -> %s "Function" 
2025-05-29T16:08:45.524Z [32minfo[39m [c-api:./lib/annotations/transaction.js]            @Transaction args: "Property Key -> FulfillMint, Commit -> true,","Target ->","GalaChainTokenContract" 
2025-05-29T16:08:45.530Z [32minfo[39m [c-api:./lib/annotations/object.js]                 @Object args: Target -> %s "Function" 
2025-05-29T16:08:45.531Z [32minfo[39m [c-api:./lib/annotations/transaction.js]            @Transaction args: "Property Key -> HighThroughputMint, Commit -> true,","Target ->","GalaChainTokenContract" 
2025-05-29T16:08:45.532Z [32minfo[39m [c-api:./lib/annotations/object.js]                 @Object args: Target -> %s "Function" 
2025-05-29T16:08:45.544Z [32minfo[39m [c-api:./lib/annotations/transaction.js]            @Transaction args: "Property Key -> FetchMintRequests, Commit -> false,","Target ->","GalaChainTokenContract" 
2025-05-29T16:08:45.544Z [32minfo[39m [c-api:./lib/annotations/object.js]                 @Object args: Target -> %s "Function" 
2025-05-29T16:08:45.551Z [32minfo[39m [c-api:./lib/annotations/transaction.js]            @Transaction args: "Property Key -> MintToken, Commit -> true,","Target ->","GalaChainTokenContract" 
2025-05-29T16:08:45.552Z [32minfo[39m [c-api:./lib/annotations/object.js]                 @Object args: Target -> %s "Function" 
2025-05-29T16:08:45.571Z [32minfo[39m [c-api:./lib/annotations/transaction.js]            @Transaction args: "Property Key -> MintTokenWithAllowance, Commit -> true,","Target ->","GalaChainTokenContract" 
2025-05-29T16:08:45.573Z [32minfo[39m [c-api:./lib/annotations/object.js]                 @Object args: Target -> %s "Function" 
2025-05-29T16:08:45.580Z [32minfo[39m [c-api:./lib/annotations/transaction.js]            @Transaction args: "Property Key -> BatchMintToken, Commit -> true,","Target ->","GalaChainTokenContract" 
2025-05-29T16:08:45.580Z [32minfo[39m [c-api:./lib/annotations/object.js]                 @Object args: Target -> %s "Function" 
2025-05-29T16:08:45.585Z [32minfo[39m [c-api:./lib/annotations/transaction.js]            @Transaction args: "Property Key -> UseToken, Commit -> true,","Target ->","GalaChainTokenContract" 
2025-05-29T16:08:45.585Z [32minfo[39m [c-api:./lib/annotations/object.js]                 @Object args: Target -> %s "Function" 
2025-05-29T16:08:45.586Z [32minfo[39m [c-api:./lib/annotations/transaction.js]            @Transaction args: "Property Key -> ReleaseToken, Commit -> true,","Target ->","GalaChainTokenContract" 
2025-05-29T16:08:45.587Z [32minfo[39m [c-api:./lib/annotations/object.js]                 @Object args: Target -> %s "Function" 
2025-05-29T16:08:45.589Z [32minfo[39m [c-api:./lib/annotations/transaction.js]            @Transaction args: "Property Key -> LockToken, Commit -> true,","Target ->","GalaChainTokenContract" 
2025-05-29T16:08:45.592Z [32minfo[39m [c-api:./lib/annotations/object.js]                 @Object args: Target -> %s "Function" 
2025-05-29T16:08:45.596Z [32minfo[39m [c-api:./lib/annotations/transaction.js]            @Transaction args: "Property Key -> LockTokens, Commit -> true,","Target ->","GalaChainTokenContract" 
2025-05-29T16:08:45.597Z [32minfo[39m [c-api:./lib/annotations/object.js]                 @Object args: Target -> %s "Function" 
2025-05-29T16:08:45.599Z [32minfo[39m [c-api:./lib/annotations/transaction.js]            @Transaction args: "Property Key -> UnlockToken, Commit -> true,","Target ->","GalaChainTokenContract" 
2025-05-29T16:08:45.600Z [32minfo[39m [c-api:./lib/annotations/object.js]                 @Object args: Target -> %s "Function" 
2025-05-29T16:08:45.609Z [32minfo[39m [c-api:./lib/annotations/transaction.js]            @Transaction args: "Property Key -> UnlockTokens, Commit -> true,","Target ->","GalaChainTokenContract" 
2025-05-29T16:08:45.614Z [32minfo[39m [c-api:./lib/annotations/object.js]                 @Object args: Target -> %s "Function" 
2025-05-29T16:08:45.617Z [32minfo[39m [c-api:./lib/annotations/transaction.js]            @Transaction args: "Property Key -> TransferToken, Commit -> true,","Target ->","GalaChainTokenContract" 
2025-05-29T16:08:45.618Z [32minfo[39m [c-api:./lib/annotations/object.js]                 @Object args: Target -> %s "Function" 
2025-05-29T16:08:45.619Z [32minfo[39m [c-api:./lib/annotations/transaction.js]            @Transaction args: "Property Key -> BurnTokens, Commit -> true,","Target ->","GalaChainTokenContract" 
2025-05-29T16:08:45.620Z [32minfo[39m [c-api:./lib/annotations/object.js]                 @Object args: Target -> %s "Function" 
2025-05-29T16:08:45.620Z [32minfo[39m [c-api:./lib/annotations/transaction.js]            @Transaction args: "Property Key -> FetchBurns, Commit -> false,","Target ->","GalaChainTokenContract" 
2025-05-29T16:08:45.621Z [32minfo[39m [c-api:./lib/annotations/object.js]                 @Object args: Target -> %s "Function" 
2025-05-29T16:08:45.621Z [32minfo[39m [c-api:./lib/annotations/transaction.js]            @Transaction args: "Property Key -> DefineFeeSchedule, Commit -> true,","Target ->","GalaChainTokenContract" 
2025-05-29T16:08:45.624Z [32minfo[39m [c-api:./lib/annotations/object.js]                 @Object args: Target -> %s "Function" 
2025-05-29T16:08:45.625Z [32minfo[39m [c-api:./lib/annotations/transaction.js]            @Transaction args: "Property Key -> DefineFeeSplitFormula, Commit -> true,","Target ->","GalaChainTokenContract" 
2025-05-29T16:08:45.625Z [32minfo[39m [c-api:./lib/annotations/object.js]                 @Object args: Target -> %s "Function" 
2025-05-29T16:08:45.626Z [32minfo[39m [c-api:./lib/annotations/transaction.js]            @Transaction args: "Property Key -> CreditFeeBalance, Commit -> true,","Target ->","GalaChainTokenContract" 
2025-05-29T16:08:45.626Z [32minfo[39m [c-api:./lib/annotations/object.js]                 @Object args: Target -> %s "Function" 
2025-05-29T16:08:45.627Z [32minfo[39m [c-api:./lib/annotations/transaction.js]            @Transaction args: "Property Key -> FetchFeeSchedule, Commit -> false,","Target ->","GalaChainTokenContract" 
2025-05-29T16:08:45.627Z [32minfo[39m [c-api:./lib/annotations/object.js]                 @Object args: Target -> %s "Function" 
2025-05-29T16:08:45.632Z [32minfo[39m [c-api:./lib/annotations/transaction.js]            @Transaction args: "Property Key -> FetchFeeThresholdUses, Commit -> false,","Target ->","GalaChainTokenContract" 
2025-05-29T16:08:45.632Z [32minfo[39m [c-api:./lib/annotations/object.js]                 @Object args: Target -> %s "Function" 
2025-05-29T16:08:45.635Z [32minfo[39m [c-api:./lib/annotations/transaction.js]            @Transaction args: "Property Key -> FetchFeeThresholdUsesWithPagination, Commit -> false,","Target ->","GalaChainTokenContract" 
2025-05-29T16:08:45.635Z [32minfo[39m [c-api:./lib/annotations/object.js]                 @Object args: Target -> %s "Function" 
2025-05-29T16:08:45.637Z [32minfo[39m [c-api:./lib/annotations/transaction.js]            @Transaction args: "Property Key -> CreateVestingToken, Commit -> true,","Target ->","GalaChainTokenContract" 
2025-05-29T16:08:45.637Z [32minfo[39m [c-api:./lib/annotations/object.js]                 @Object args: Target -> %s "Function" 
2025-05-29T16:08:45.639Z [32minfo[39m [c-api:./lib/annotations/transaction.js]            @Transaction args: "Property Key -> FetchVestingTokens, Commit -> false,","Target ->","GalaChainTokenContract" 
2025-05-29T16:08:45.639Z [32minfo[39m [c-api:./lib/annotations/info.js]                   @Info args: "Info -> [object Object],","Target ->","GalaChainTokenContract" 
2025-05-29T16:08:45.647Z [32minfo[39m [c-api:contracts-spi/bootstrap.js]                  No metadata file supplied in contract, introspection will generate all the data  
2025-05-29T16:08:45.681Z [32minfo[39m [c-api:lib/handler.js]                              Creating new Chaincode Support Client for peer comminications  
2025-05-29T16:08:45.683Z [32minfo[39m [c-api:lib/chaincode.js]                            Registering with peer 127.0.0.1:8561 as chaincode "basic-product:0.0.1"  
2025-05-29T16:08:45.686Z [32minfo[39m [c-api:fabric-shim/cli]                             Bootstrap process completed  
2025-05-29T16:08:45.702Z [32minfo[39m [c-api:lib/handler.js]                              Successfully registered with peer node. State transferred to "established"  
2025-05-29T16:08:45.703Z [32minfo[39m [c-api:lib/handler.js]                              Successfully established communication with peer node. State transferred to "ready"  
